<?xml version="1.0" encoding="UTF-8"?>
<!-- Generated by org.testng.reporters.JUnitXMLReporter -->
<testsuite hostname="Anjithas-Air.domain.name" ignored="0" name="Test" tests="1" failures="1" timestamp="2020-07-22T14:59:19 IST" time="24.811" errors="0">
  <testcase name="feature" time="24.012" classname="cucumber.api.testng.AbstractTestNGCucumberTests">
    <failure type="cucumber.runtime.CucumberException" message="java.lang.AssertionError: expected [Bmw 1 Series Under 10000 for Sale NSW | carsguide ] but found [Bmw 1 Series Under 10000 for Sale NSW | carsguide]">
      <![CDATA[cucumber.runtime.CucumberException: java.lang.AssertionError: expected [Bmw 1 Series Under 10000 for Sale NSW | carsguide ] but found [Bmw 1 Series Under 10000 for Sale NSW | carsguide]
at cucumber.api.testng.TestNGCucumberRunner.runCucumber(TestNGCucumberRunner.java:69)
at cucumber.api.testng.AbstractTestNGCucumberTests.feature(AbstractTestNGCucumberTests.java:21)
at java.util.ArrayList.forEach(ArrayList.java:1257)
Caused by: java.lang.AssertionError: expected [Bmw 1 Series Under 10000 for Sale NSW | carsguide ] but found [Bmw 1 Series Under 10000 for Sale NSW | carsguide]
at steps.CarSearch.the_page_title_should_be(CarSearch.java:85)
at âœ½.And the page title should be "Bmw 1 Series Under 10000 for Sale NSW | carsguide "(CarSearch.feature:22)
... Removed 32 stack frames]]>
    </failure>
  </testcase> <!-- feature -->
</testsuite> <!-- Test -->
